<?xml version="1.0" encoding="UTF-8"?>
<testsuite xmlns:xsi="http://www.w3.org/2001/XMLSchema-instance" xsi:noNamespaceSchemaLocation="https://maven.apache.org/surefire/maven-surefire-plugin/xsd/surefire-test-report-3.0.xsd" version="3.0" name="com.example.project.ProjectApplicationTests" time="3.221" tests="1" errors="0" skipped="0" failures="0">
  <properties>
[...]
</properties>
  <testcase name="contextLoads" classname="com.example.project.ProjectApplicationTests" time="0.306">
    <system-out><![CDATA[11:37:17.589 [main] INFO org.springframework.test.context.support.AnnotationConfigContextLoaderUtils -- Could not detect default configuration classes for test class [com.example.project.ProjectApplicationTests]: ProjectApplicationTests does not declare any static, non-private, non-final, nested classes annotated with @Configuration.
11:37:17.656 [main] INFO org.springframework.boot.test.context.SpringBootTestContextBootstrapper -- Found @SpringBootConfiguration com.example.project.ProjectApplication for test class com.example.project.ProjectApplicationTests

  .   ____          _            __ _ _
 /\\ / ___'_ __ _ _(_)_ __  __ _ \ \ \ \
( ( )\___ | '_ | '_| | '_ \/ _` | \ \ \ \
 \\/  ___)| |_)| | | | | || (_| |  ) ) ) )
  '  |____| .__|_| |_|_| |_\__, | / / / /
 =========|_|==============|___/=/_/_/_/
 :: Spring Boot ::                (v3.2.5)

2025-12-19T11:37:17.875+07:00  INFO 78085 --- [project] [           main] c.e.project.ProjectApplicationTests      : Starting ProjectApplicationTests using Java 25.0.1 with PID 78085 (started by tdu in /Users/tdu/Documents/project_Java/Blue-Moon---BTL-CNPM/project)
2025-12-19T11:37:17.875+07:00  INFO 78085 --- [project] [           main] c.e.project.ProjectApplicationTests      : No active profile set, falling back to 1 default profile: "default"
2025-12-19T11:37:18.358+07:00  INFO 78085 --- [project] [           main] .s.d.r.c.RepositoryConfigurationDelegate : Bootstrapping Spring Data JPA repositories in DEFAULT mode.
2025-12-19T11:37:18.391+07:00  INFO 78085 --- [project] [           main] .s.d.r.c.RepositoryConfigurationDelegate : Finished Spring Data repository scanning in 29 ms. Found 2 JPA repository interfaces.
2025-12-19T11:37:18.691+07:00  INFO 78085 --- [project] [           main] o.hibernate.jpa.internal.util.LogHelper  : HHH000204: Processing PersistenceUnitInfo [name: default]
2025-12-19T11:37:18.728+07:00  INFO 78085 --- [project] [           main] org.hibernate.Version                    : HHH000412: Hibernate ORM core version 6.4.4.Final
2025-12-19T11:37:18.748+07:00  INFO 78085 --- [project] [           main] o.h.c.internal.RegionFactoryInitiator    : HHH000026: Second-level cache disabled
2025-12-19T11:37:18.904+07:00  INFO 78085 --- [project] [           main] o.s.o.j.p.SpringPersistenceUnitInfo      : No LoadTimeWeaver setup: ignoring JPA class transformer
2025-12-19T11:37:18.927+07:00  INFO 78085 --- [project] [           main] com.zaxxer.hikari.HikariDataSource       : HikariPool-1 - Starting...
2025-12-19T11:37:19.045+07:00  INFO 78085 --- [project] [           main] com.zaxxer.hikari.pool.HikariPool        : HikariPool-1 - Added connection conn0: url=jdbc:h2:mem:07cb8496-3df7-4bfc-b29b-e8bc4b25fb8c user=SA
2025-12-19T11:37:19.046+07:00  INFO 78085 --- [project] [           main] com.zaxxer.hikari.HikariDataSource       : HikariPool-1 - Start completed.
2025-12-19T11:37:19.619+07:00  INFO 78085 --- [project] [           main] o.h.e.t.j.p.i.JtaPlatformInitiator       : HHH000489: No JTA platform available (set 'hibernate.transaction.jta.platform' to enable JTA platform integration)
Hibernate: 
    create table households (
        id bigint generated by default as identity,
        created_at timestamp(6),
        updated_at timestamp(6),
        is_vacant boolean,
        owner_name varchar(255),
        resident_count integer,
        room_number integer not null,
        vehicle_count integer,
        primary key (id)
    )
Hibernate: 
    create table residents (
        id bigint generated by default as identity,
        created_at timestamp(6),
        updated_at timestamp(6),
        full_name varchar(255) not null,
        phone varchar(255),
        vehicle_count integer,
        household_id bigint not null,
        primary key (id)
    )
Hibernate: 
    alter table if exists households 
       drop constraint if exists UK_h2nj52bniyvfkqlenqt12ox11
Hibernate: 
    alter table if exists households 
       add constraint UK_h2nj52bniyvfkqlenqt12ox11 unique (room_number)
Hibernate: 
    alter table if exists residents 
       add constraint FKbfdu16yrc8v5aem3g0c9ft5j0 
       foreign key (household_id) 
       references households
2025-12-19T11:37:19.658+07:00  INFO 78085 --- [project] [           main] j.LocalContainerEntityManagerFactoryBean : Initialized JPA EntityManagerFactory for persistence unit 'default'
2025-12-19T11:37:20.022+07:00  WARN 78085 --- [project] [           main] JpaBaseConfiguration$JpaWebConfiguration : spring.jpa.open-in-view is enabled by default. Therefore, database queries may be performed during view rendering. Explicitly configure spring.jpa.open-in-view to disable this warning
2025-12-19T11:37:20.296+07:00  WARN 78085 --- [project] [           main] .s.s.UserDetailsServiceAutoConfiguration : 

Using generated security password: 434466cc-bece-4abb-a00f-8271f573353e

This generated password is for development use only. Your security configuration must be updated before running your application in production.

2025-12-19T11:37:20.372+07:00  INFO 78085 --- [project] [           main] o.s.s.web.DefaultSecurityFilterChain     : Will secure any request with [org.springframework.security.web.session.DisableEncodeUrlFilter@5246453e, org.springframework.security.web.context.request.async.WebAsyncManagerIntegrationFilter@299f9a81, org.springframework.security.web.context.SecurityContextHolderFilter@1315f1d5, org.springframework.security.web.header.HeaderWriterFilter@73ab649f, org.springframework.web.filter.CorsFilter@3cc5408c, org.springframework.security.web.csrf.CsrfFilter@7a02d760, org.springframework.security.web.authentication.logout.LogoutFilter@1d921267, org.springframework.security.web.authentication.UsernamePasswordAuthenticationFilter@94f79a7, org.springframework.security.web.authentication.ui.DefaultLoginPageGeneratingFilter@38e100ab, org.springframework.security.web.authentication.ui.DefaultLogoutPageGeneratingFilter@4b19ee18, org.springframework.security.web.authentication.www.BasicAuthenticationFilter@2c9af700, org.springframework.security.web.savedrequest.RequestCacheAwareFilter@77d7d2d0, org.springframework.security.web.servletapi.SecurityContextHolderAwareRequestFilter@63075ad1, org.springframework.security.web.authentication.AnonymousAuthenticationFilter@2561d61, org.springframework.security.web.access.ExceptionTranslationFilter@510d4d4b, org.springframework.security.web.access.intercept.AuthorizationFilter@77cd1f67]
2025-12-19T11:37:20.407+07:00  INFO 78085 --- [project] [           main] c.e.project.ProjectApplicationTests      : Started ProjectApplicationTests in 2.665 seconds (process running for 3.265)
]]></system-out>
    <system-err><![CDATA[WARNING: A Java agent has been loaded dynamically (/Users/tdu/.m2/repository/net/bytebuddy/byte-buddy-agent/1.14.13/byte-buddy-agent-1.14.13.jar)
WARNING: If a serviceability tool is in use, please run with -XX:+EnableDynamicAgentLoading to hide this warning
WARNING: If a serviceability tool is not in use, please run with -Djdk.instrument.traceUsage for more information
WARNING: Dynamic loading of agents will be disallowed by default in a future release
]]></system-err>
  </testcase>
</testsuite>